#! /usr/bin/vvp
:ivl_version "11.0 (stable)";
:ivl_delay_selection "TYPICAL";
:vpi_time_precision + 0;
:vpi_module "/usr/lib/x86_64-linux-gnu/ivl/system.vpi";
:vpi_module "/usr/lib/x86_64-linux-gnu/ivl/vhdl_sys.vpi";
:vpi_module "/usr/lib/x86_64-linux-gnu/ivl/vhdl_textio.vpi";
:vpi_module "/usr/lib/x86_64-linux-gnu/ivl/v2005_math.vpi";
:vpi_module "/usr/lib/x86_64-linux-gnu/ivl/va_math.vpi";
S_0x555859964790 .scope module, "test_adder" "test_adder" 2 19;
 .timescale 0 0;
v0x55585998cfe0_0 .var "a", 31 0;
v0x55585998d0c0_0 .net "answer", 31 0, v0x55585998ce80_0;  1 drivers
v0x55585998d160_0 .var "b", 31 0;
v0x55585998d230_0 .net "carry", 0 0, v0x55585998cc90_0;  1 drivers
v0x55585998d300_0 .var/i "i", 31 0;
v0x55585998d3f0_0 .var "res", 32 0;
S_0x555859964920 .scope module, "adder" "adder" 2 25, 3 1 0, S_0x555859964790;
 .timescale 0 0;
    .port_info 0 /INPUT 32 "a";
    .port_info 1 /INPUT 32 "b";
    .port_info 2 /OUTPUT 32 "sum";
    .port_info 3 /OUTPUT 1 "carry";
v0x55585993bbb0_0 .net "a", 31 0, v0x55585998cfe0_0;  1 drivers
v0x55585993bfa0_0 .net "b", 31 0, v0x55585998d160_0;  1 drivers
v0x55585998cbd0_0 .var "c", 32 0;
v0x55585998cc90_0 .var "carry", 0 0;
v0x55585998cd50_0 .var/i "i", 31 0;
v0x55585998ce80_0 .var "sum", 31 0;
E_0x5558599734b0 .event edge, v0x55585993bbb0_0, v0x55585993bfa0_0, v0x55585998cbd0_0;
    .scope S_0x555859964920;
T_0 ;
    %wait E_0x5558599734b0;
    %pushi/vec4 0, 0, 1;
    %ix/load 4, 0, 0;
    %flag_set/imm 4, 0;
    %store/vec4 v0x55585998cbd0_0, 4, 1;
    %pushi/vec4 0, 0, 32;
    %store/vec4 v0x55585998cd50_0, 0, 32;
T_0.0 ;
    %load/vec4 v0x55585998cd50_0;
    %cmpi/s 32, 0, 32;
    %jmp/0xz T_0.1, 5;
    %load/vec4 v0x55585993bbb0_0;
    %load/vec4 v0x55585998cd50_0;
    %part/s 1;
    %load/vec4 v0x55585993bfa0_0;
    %load/vec4 v0x55585998cd50_0;
    %part/s 1;
    %and;
    %load/vec4 v0x55585993bbb0_0;
    %load/vec4 v0x55585998cd50_0;
    %part/s 1;
    %load/vec4 v0x55585993bfa0_0;
    %load/vec4 v0x55585998cd50_0;
    %part/s 1;
    %or;
    %load/vec4 v0x55585998cbd0_0;
    %load/vec4 v0x55585998cd50_0;
    %part/s 1;
    %and;
    %or;
    %load/vec4 v0x55585998cd50_0;
    %addi 1, 0, 32;
    %ix/vec4/s 4;
    %store/vec4 v0x55585998cbd0_0, 4, 1;
    %load/vec4 v0x55585993bbb0_0;
    %load/vec4 v0x55585998cd50_0;
    %part/s 1;
    %load/vec4 v0x55585993bfa0_0;
    %load/vec4 v0x55585998cd50_0;
    %part/s 1;
    %xor;
    %load/vec4 v0x55585998cbd0_0;
    %load/vec4 v0x55585998cd50_0;
    %part/s 1;
    %xor;
    %ix/getv/s 4, v0x55585998cd50_0;
    %store/vec4 v0x55585998ce80_0, 4, 1;
    %load/vec4 v0x55585998cd50_0;
    %addi 1, 0, 32;
    %store/vec4 v0x55585998cd50_0, 0, 32;
    %jmp T_0.0;
T_0.1 ;
    %load/vec4 v0x55585998cbd0_0;
    %parti/s 1, 32, 7;
    %store/vec4 v0x55585998cc90_0, 0, 1;
    %jmp T_0;
    .thread T_0, $push;
    .scope S_0x555859964790;
T_1 ;
    %pushi/vec4 1, 0, 32;
    %store/vec4 v0x55585998d300_0, 0, 32;
T_1.0 ;
    %load/vec4 v0x55585998d300_0;
    %cmpi/s 100, 0, 32;
    %flag_or 5, 4;
    %jmp/0xz T_1.1, 5;
    %vpi_func 2 30 "$random" 32 {0 0 0};
    %store/vec4 v0x55585998cfe0_0, 0, 32;
    %vpi_func 2 31 "$random" 32 {0 0 0};
    %store/vec4 v0x55585998d160_0, 0, 32;
    %load/vec4 v0x55585998cfe0_0;
    %pad/u 33;
    %load/vec4 v0x55585998d160_0;
    %pad/u 33;
    %add;
    %store/vec4 v0x55585998d3f0_0, 0, 33;
    %delay 1, 0;
    %vpi_call 2 35 "$display", "TESTCASE %d: %d + %d = %d carry: %d", v0x55585998d300_0, v0x55585998cfe0_0, v0x55585998d160_0, v0x55585998d0c0_0, v0x55585998d230_0 {0 0 0};
    %load/vec4 v0x55585998d0c0_0;
    %load/vec4 v0x55585998d3f0_0;
    %parti/s 32, 0, 2;
    %cmp/ne;
    %flag_mov 8, 6;
    %load/vec4 v0x55585998d230_0;
    %load/vec4 v0x55585998d3f0_0;
    %parti/s 1, 32, 7;
    %cmp/ne;
    %flag_or 4, 8;
    %jmp/0xz  T_1.2, 4;
    %vpi_call 2 38 "$display", "Wrong Answer!" {0 0 0};
T_1.2 ;
    %load/vec4 v0x55585998d300_0;
    %addi 1, 0, 32;
    %store/vec4 v0x55585998d300_0, 0, 32;
    %jmp T_1.0;
T_1.1 ;
    %vpi_call 2 41 "$display", "Congratulations! You have passed all of the tests." {0 0 0};
    %vpi_call 2 42 "$finish" {0 0 0};
    %end;
    .thread T_1;
# The file index is used to find the file name in the following table.
:file_names 4;
    "N/A";
    "<interactive>";
    "test_adder.v";
    "./adder.v";
